<?xml version="1.0" encoding="UTF-8" ?>
<testsuite errors="1" failures="0" hostname="Achiever-PC" name="bounty_note_test1.MainActivityTest" tests="1" time="0.1" timestamp="2014-01-19T08:13:21">
  <properties>
[...]
</properties>
  <testcase classname="bounty_note_test1.MainActivityTest" name="initializationError" time="0.01">
    <error message="Type [unknown] not present" type="java.lang.TypeNotPresentException">java.lang.TypeNotPresentException: Type [unknown] not present
	at $Proxy4.value(Unknown Source)
	at java.lang.reflect.Constructor.newInstance(Constructor.java:525)
Caused by: java.lang.NoClassDefFoundError: com/xtremelabs/robolectric/RobolectricTestRunner
	at java.lang.ClassLoader.defineClass1(Native Method)
	at java.lang.ClassLoader.defineClass(ClassLoader.java:791)
	at java.security.SecureClassLoader.defineClass(SecureClassLoader.java:142)
	at java.net.URLClassLoader.defineClass(URLClassLoader.java:449)
	at java.net.URLClassLoader.access$100(URLClassLoader.java:71)
	at java.net.URLClassLoader$1.run(URLClassLoader.java:361)
	at java.net.URLClassLoader$1.run(URLClassLoader.java:355)
	at java.security.AccessController.doPrivileged(Native Method)
	at java.net.URLClassLoader.findClass(URLClassLoader.java:354)
	at java.lang.ClassLoader.loadClass(ClassLoader.java:423)
	at sun.misc.Launcher$AppClassLoader.loadClass(Launcher.java:308)
	at java.lang.ClassLoader.loadClass(ClassLoader.java:356)
	at java.lang.Class.forName0(Native Method)
	at java.lang.Class.forName(Class.java:264)
	at java.lang.Class.initAnnotationsIfNecessary(Class.java:3089)
	at java.lang.Class.getAnnotation(Class.java:3048)
Caused by: java.lang.ClassNotFoundException: com.xtremelabs.robolectric.RobolectricTestRunner
	at java.net.URLClassLoader$1.run(URLClassLoader.java:366)
	at java.net.URLClassLoader$1.run(URLClassLoader.java:355)
	at java.security.AccessController.doPrivileged(Native Method)
	at java.net.URLClassLoader.findClass(URLClassLoader.java:354)
	at java.lang.ClassLoader.loadClass(ClassLoader.java:423)
	at sun.misc.Launcher$AppClassLoader.loadClass(Launcher.java:308)
	at java.lang.ClassLoader.loadClass(ClassLoader.java:356)
</error>
  </testcase>
  <system-out><![CDATA[]]></system-out>
  <system-err><![CDATA[]]></system-err>
</testsuite>
